<?xml version="1.0" encoding="UTF-8" ?>
<testsuite tests="4" failures="0" name="com.company.CustomerTest" time="0.026" errors="0" skipped="0">
  <properties>
    <property name="idea.version" value="2022.3.1"/>
    <property name="java.runtime.name" value="OpenJDK Runtime Environment"/>
    <property name="sun.boot.library.path" value="/Users/gabrielikpaetuk/Library/Java/JavaVirtualMachines/corretto-1.8.0_352/Contents/Home/jre/lib"/>
    <property name="java.vm.version" value="25.352-b08"/>
    <property name="gopherProxySet" value="false"/>
    <property name="java.vm.vendor" value="Amazon.com Inc."/>
    <property name="maven.multiModuleProjectDirectory" value="/Users/gabrielikpaetuk/Desktop/Netflix-Pathway/Gabriel_Ikpaetuk_Java/M1-Challenge-Ikpaetuk-Gabriel"/>
    <property name="java.vendor.url" value="https://aws.amazon.com/corretto/"/>
    <property name="path.separator" value=":"/>
    <property name="guice.disable.misplaced.annotation.check" value="true"/>
    <property name="java.vm.name" value="OpenJDK 64-Bit Server VM"/>
    <property name="file.encoding.pkg" value="sun.io"/>
    <property name="user.country" value="US"/>
    <property name="sun.java.launcher" value="SUN_STANDARD"/>
    <property name="sun.os.patch.level" value="unknown"/>
    <property name="java.vm.specification.name" value="Java Virtual Machine Specification"/>
    <property name="user.dir" value="/Users/gabrielikpaetuk/Desktop/Netflix-Pathway/Gabriel_Ikpaetuk_Java/M1-Challenge-Ikpaetuk-Gabriel"/>
    <property name="java.runtime.version" value="1.8.0_352-b08"/>
    <property name="java.awt.graphicsenv" value="sun.awt.CGraphicsEnvironment"/>
    <property name="java.endorsed.dirs" value="/Users/gabrielikpaetuk/Library/Java/JavaVirtualMachines/corretto-1.8.0_352/Contents/Home/jre/lib/endorsed"/>
    <property name="os.arch" value="aarch64"/>
    <property name="java.io.tmpdir" value="/var/folders/4m/qx3xkhdx5f10hh0j8dpktp940000gn/T/"/>
    <property name="line.separator" value="
"/>
    <property name="java.vm.specification.vendor" value="Oracle Corporation"/>
    <property name="os.name" value="Mac OS X"/>
    <property name="maven.ext.class.path" value="/Applications/IntelliJ IDEA.app/Contents/plugins/maven/lib/maven-event-listener.jar"/>
    <property name="classworlds.conf" value="/Applications/IntelliJ IDEA.app/Contents/plugins/maven/lib/maven3/bin/m2.conf"/>
    <property name="sun.jnu.encoding" value="UTF-8"/>
    <property name="java.library.path" value="/Users/gabrielikpaetuk/Library/Java/Extensions:/Library/Java/Extensions:/Network/Library/Java/Extensions:/System/Library/Java/Extensions:/usr/lib/java:."/>
    <property name="jansi.passthrough" value="true"/>
    <property name="maven.conf" value="/Applications/IntelliJ IDEA.app/Contents/plugins/maven/lib/maven3/conf"/>
    <property name="java.specification.name" value="Java Platform API Specification"/>
    <property name="java.class.version" value="52.0"/>
    <property name="sun.management.compiler" value="HotSpot 64-Bit Tiered Compilers"/>
    <property name="os.version" value="13.1"/>
    <property name="http.nonProxyHosts" value="local|*.local|169.254/16|*.169.254/16"/>
    <property name="user.home" value="/Users/gabrielikpaetuk"/>
    <property name="user.timezone" value="America/Boise"/>
    <property name="java.awt.printerjob" value="sun.lwawt.macosx.CPrinterJob"/>
    <property name="java.specification.version" value="1.8"/>
    <property name="file.encoding" value="UTF-8"/>
    <property name="user.name" value="gabrielikpaetuk"/>
    <property name="java.class.path" value="/Applications/IntelliJ IDEA.app/Contents/plugins/maven/lib/maven3/boot/plexus-classworlds.license:/Applications/IntelliJ IDEA.app/Contents/plugins/maven/lib/maven3/boot/plexus-classworlds-2.6.0.jar:/Applications/IntelliJ IDEA.app/Contents/lib/idea_rt.jar"/>
    <property name="java.vm.specification.version" value="1.8"/>
    <property name="sun.arch.data.model" value="64"/>
    <property name="java.home" value="/Users/gabrielikpaetuk/Library/Java/JavaVirtualMachines/corretto-1.8.0_352/Contents/Home/jre"/>
    <property name="sun.java.command" value="org.codehaus.classworlds.Launcher -Didea.version=2022.3.1 clean install"/>
    <property name="java.specification.vendor" value="Oracle Corporation"/>
    <property name="user.language" value="en"/>
    <property name="awt.toolkit" value="sun.lwawt.macosx.LWCToolkit"/>
    <property name="java.vm.info" value="mixed mode"/>
    <property name="java.version" value="1.8.0_352"/>
    <property name="java.ext.dirs" value="/Users/gabrielikpaetuk/Library/Java/Extensions:/Users/gabrielikpaetuk/Library/Java/JavaVirtualMachines/corretto-1.8.0_352/Contents/Home/jre/lib/ext:/Library/Java/Extensions:/Network/Library/Java/Extensions:/System/Library/Java/Extensions:/usr/lib/java"/>
    <property name="sun.boot.class.path" value="/Users/gabrielikpaetuk/Library/Java/JavaVirtualMachines/corretto-1.8.0_352/Contents/Home/jre/lib/resources.jar:/Users/gabrielikpaetuk/Library/Java/JavaVirtualMachines/corretto-1.8.0_352/Contents/Home/jre/lib/rt.jar:/Users/gabrielikpaetuk/Library/Java/JavaVirtualMachines/corretto-1.8.0_352/Contents/Home/jre/lib/sunrsasign.jar:/Users/gabrielikpaetuk/Library/Java/JavaVirtualMachines/corretto-1.8.0_352/Contents/Home/jre/lib/jsse.jar:/Users/gabrielikpaetuk/Library/Java/JavaVirtualMachines/corretto-1.8.0_352/Contents/Home/jre/lib/jce.jar:/Users/gabrielikpaetuk/Library/Java/JavaVirtualMachines/corretto-1.8.0_352/Contents/Home/jre/lib/charsets.jar:/Users/gabrielikpaetuk/Library/Java/JavaVirtualMachines/corretto-1.8.0_352/Contents/Home/jre/lib/jfr.jar:/Users/gabrielikpaetuk/Library/Java/JavaVirtualMachines/corretto-1.8.0_352/Contents/Home/jre/classes"/>
    <property name="java.vendor" value="Amazon.com Inc."/>
    <property name="java.specification.maintenance.version" value="4"/>
    <property name="maven.home" value="/Applications/IntelliJ IDEA.app/Contents/plugins/maven/lib/maven3"/>
    <property name="file.separator" value="/"/>
    <property name="java.vendor.url.bug" value="https://github.com/corretto/corretto-8/issues/"/>
    <property name="sun.cpu.endian" value="little"/>
    <property name="sun.io.unicode.encoding" value="UnicodeBig"/>
    <property name="socksNonProxyHosts" value="local|*.local|169.254/16|*.169.254/16"/>
    <property name="ftp.nonProxyHosts" value="local|*.local|169.254/16|*.169.254/16"/>
    <property name="sun.cpu.isalist" value=""/>
  </properties>
  <testcase classname="com.company.CustomerTest" name="test_toString_withPopulatedCharges_string" time="0.026"/>
  <testcase classname="com.company.CustomerTest" name="test_getBalance_populatedCharges_expectSummedCharges" time="0"/>
  <testcase classname="com.company.CustomerTest" name="test_getBalance_emptyCustomerCharges_expect0" time="0"/>
  <testcase classname="com.company.CustomerTest" name="test_toString_emptyCustomerCharges_stringWithZeroBalance" time="0"/>
</testsuite>